POST /boards 200 112.951 ms - 141 {"title":"Autotest board","columns":[{"title":"Backlog","order":1},{"title":"Sprint","order":2}]} - 97
POST /boards 200 187.434 ms - 141 {"title":"Autotest board","columns":[{"title":"Backlog","order":1},{"title":"Sprint","order":2}]} - 97
GET /users 200 289.622 ms - 2 {} - -
POST /boards/66131f3c-7b81-4dfc-b77a-d1e88bb481c9/tasks 200 276.085 ms - 186 {"title":"Autotest task","order":0,"description":"Lorem ipsum","userId":null,"boardId":null,"columnId":null} - 108
GET /boards 200 283.112 ms - 285 {} - -
GET /boards/66131f3c-7b81-4dfc-b77a-d1e88bb481c9/tasks 200 112.662 ms - 188 {} - -
POST /users 200 205.662 ms - 84 {"name":"TEST_USER","login":"test_user","password":"T35t_P@55w0rd"} - 67
GET /boards 200 69.153 ms - 285 {} - -
GET /users/bf2060a1-893c-4271-b52b-b1fe06ad028c 200 82.761 ms - 84 {} - -
GET /boards/66131f3c-7b81-4dfc-b77a-d1e88bb481c9/tasks 200 88.222 ms - 188 {} - -
GET /boards/66131f3c-7b81-4dfc-b77a-d1e88bb481c9 200 73.679 ms - 141 {} - -
GET /boards/66131f3c-7b81-4dfc-b77a-d1e88bb481c9/tasks/9b2e0ade-51e0-4cf9-82c0-9499a22b002a 200 74.060 ms - 186 {} - -
POST /boards 200 84.630 ms - 141 {"title":"Autotest board","columns":[{"title":"Backlog","order":1},{"title":"Sprint","order":2}]} - 97
DELETE /users/bf2060a1-893c-4271-b52b-b1fe06ad028c 200 157.261 ms - 2 {} - -
POST /boards/66131f3c-7b81-4dfc-b77a-d1e88bb481c9/tasks 200 79.334 ms - 186 {"title":"Autotest task","order":0,"description":"Lorem ipsum","userId":null,"boardId":null,"columnId":null} - 108
POST /users 200 73.244 ms - 84 {"name":"TEST_USER","login":"test_user","password":"T35t_P@55w0rd"} - 67
DELETE /boards/66131f3c-7b81-4dfc-b77a-d1e88bb481c9/tasks/19b3531e-723e-4b29-88eb-95b6fd79c6aa 200 72.483 ms - 2 {} - -
DELETE /boards/a05edfa4-c4ef-4f26-a8e1-90c2cdeea38c 200 143.501 ms - 2 {} - -
POST /boards/66131f3c-7b81-4dfc-b77a-d1e88bb481c9/tasks 200 78.423 ms - 186 {"title":"Autotest task","order":0,"description":"Lorem ipsum","userId":null,"boardId":null,"columnId":null} - 108
POST /boards 200 80.448 ms - 141 {"title":"Autotest board","columns":[{"title":"Backlog","order":1},{"title":"Sprint","order":2}]} - 97
DELETE /users/0cdb3421-e593-478e-bf43-36df8c57548b 200 147.919 ms - 2 {} - -
PUT /boards/66131f3c-7b81-4dfc-b77a-d1e88bb481c9/tasks/60869028-b08b-4307-b6d5-afb3125d4f91 200 74.806 ms - 2 {"id":"60869028-b08b-4307-b6d5-afb3125d4f91","title":"Autotest updated task","order":0,"description":"Lorem ipsum","userId":null,"boardId":"66131f3c-7b81-4dfc-b77a-d1e88bb481c9","columnId":null} - 194
PUT /boards/f8ab1a15-8181-411b-a67d-ce479f530aba 200 70.440 ms - 2 {"id":"f8ab1a15-8181-411b-a67d-ce479f530aba","title":"Autotest updated board","columns":[{"title":"Backlog","order":1},{"title":"Sprint","order":2}]} - 149
POST /users 200 74.751 ms - 84 {"name":"TEST_USER","login":"test_user","password":"T35t_P@55w0rd"} - 67
GET /boards/66131f3c-7b81-4dfc-b77a-d1e88bb481c9/tasks/60869028-b08b-4307-b6d5-afb3125d4f91 200 75.135 ms - 194 {} - -
GET /boards/f8ab1a15-8181-411b-a67d-ce479f530aba 200 70.024 ms - 149 {} - -
PUT /users/ea10320f-f709-4446-91c9-23c8c2dd60d0 200 72.077 ms - 2 {"name":"Autotest updated TEST_USER","login":"test_user","password":"T35t_P@55w0rd","id":"ea10320f-f709-4446-91c9-23c8c2dd60d0"} - 128
GET /boards/66131f3c-7b81-4dfc-b77a-d1e88bb481c9/tasks/9b2e0ade-51e0-4cf9-82c0-9499a22b002a 200 68.616 ms - 186 {} - -
GET /users/ea10320f-f709-4446-91c9-23c8c2dd60d0 200 69.722 ms - 101 {} - -
DELETE /boards/66131f3c-7b81-4dfc-b77a-d1e88bb481c9/tasks/9b2e0ade-51e0-4cf9-82c0-9499a22b002a 200 86.957 ms - 2 {} - -
DELETE /boards/f8ab1a15-8181-411b-a67d-ce479f530aba 200 141.961 ms - 2 {} - -
GET /boards/66131f3c-7b81-4dfc-b77a-d1e88bb481c9/tasks/9b2e0ade-51e0-4cf9-82c0-9499a22b002a 404 70.408 ms - 815 {} - -
POST /boards 200 71.104 ms - 141 {"title":"Autotest board","columns":[{"title":"Backlog","order":1},{"title":"Sprint","order":2}]} - 97
DELETE /users/ea10320f-f709-4446-91c9-23c8c2dd60d0 200 139.428 ms - 2 {} - -
POST /users 200 72.214 ms - 84 {"name":"TEST_USER","login":"test_user","password":"T35t_P@55w0rd"} - 67
DELETE /boards/044cc062-e7e9-489d-9a2e-962e0b7515b8 200 142.172 ms - 2 {} - -
DELETE /boards/66131f3c-7b81-4dfc-b77a-d1e88bb481c9 200 156.792 ms - 2 {} - -
GET /boards/044cc062-e7e9-489d-9a2e-962e0b7515b8 404 75.046 ms - 820 {} - -
DELETE /users/f2d0029a-0dac-4db8-94af-4da336b988ba 200 145.546 ms - 2 {} - -
POST /boards 200 76.941 ms - 141 {"title":"Autotest board","columns":[{"title":"Backlog","order":1},{"title":"Sprint","order":2}]} - 97
POST /users 200 73.934 ms - 84 {"name":"TEST_USER","login":"test_user","password":"T35t_P@55w0rd"} - 67
POST /boards/6aa2f720-80ff-42c1-8f50-1a415ddcbd41/tasks 200 76.745 ms - 180 {"title":"Task #4","order":4,"description":"Lorem ipsum","boardId":"6aa2f720-80ff-42c1-8f50-1a415ddcbd41","userId":null,"columnId":null} - 136
POST /boards/6aa2f720-80ff-42c1-8f50-1a415ddcbd41/tasks 200 82.259 ms - 180 {"title":"Task #1","order":1,"description":"Lorem ipsum","boardId":"6aa2f720-80ff-42c1-8f50-1a415ddcbd41","userId":null,"columnId":null} - 136
POST /boards/6aa2f720-80ff-42c1-8f50-1a415ddcbd41/tasks 200 85.480 ms - 180 {"title":"Task #2","order":2,"description":"Lorem ipsum","boardId":"6aa2f720-80ff-42c1-8f50-1a415ddcbd41","userId":null,"columnId":null} - 136
POST /boards/6aa2f720-80ff-42c1-8f50-1a415ddcbd41/tasks 200 84.046 ms - 180 {"title":"Task #3","order":3,"description":"Lorem ipsum","boardId":"6aa2f720-80ff-42c1-8f50-1a415ddcbd41","userId":null,"columnId":null} - 136
POST /boards/6aa2f720-80ff-42c1-8f50-1a415ddcbd41/tasks 200 86.094 ms - 180 {"title":"Task #5","order":5,"description":"Lorem ipsum","boardId":"6aa2f720-80ff-42c1-8f50-1a415ddcbd41","userId":null,"columnId":null} - 136
POST /boards 200 73.255 ms - 141 {"title":"Autotest board","columns":[{"title":"Backlog","order":1},{"title":"Sprint","order":2}]} - 97
GET /boards/6aa2f720-80ff-42c1-8f50-1a415ddcbd41/tasks/4d16d17a-2501-46f5-96f4-d84f253e1b96 200 70.501 ms - 180 {} - -
GET /boards/6aa2f720-80ff-42c1-8f50-1a415ddcbd41/tasks/00576368-0b64-46a0-94bb-76179f821e42 200 71.893 ms - 180 {} - -
GET /boards/6aa2f720-80ff-42c1-8f50-1a415ddcbd41/tasks/1b118385-9114-4754-b8e5-de676c7a8f9d 200 73.248 ms - 180 {} - -
GET /boards/6aa2f720-80ff-42c1-8f50-1a415ddcbd41/tasks/c86f3b88-5d1b-4575-988b-7b5708f67212 200 73.327 ms - 180 {} - -
GET /boards/6aa2f720-80ff-42c1-8f50-1a415ddcbd41/tasks/3ebf34d5-6aaa-4069-b868-f43f6ab10040 200 74.770 ms - 180 {} - -
POST /boards/2fc335f8-a959-4fe9-b0b5-21ba7e4dc076/tasks 200 75.346 ms - 198 {"title":"Task #2","order":2,"description":"Lorem ipsum","userId":"37f950bc-5fba-49e8-bf15-fd6a79c16c9a","boardId":"2fc335f8-a959-4fe9-b0b5-21ba7e4dc076"} - 154
POST /boards/2fc335f8-a959-4fe9-b0b5-21ba7e4dc076/tasks 200 128.444 ms - 198 {"title":"Task #1","order":1,"description":"Lorem ipsum","userId":"37f950bc-5fba-49e8-bf15-fd6a79c16c9a","boardId":"2fc335f8-a959-4fe9-b0b5-21ba7e4dc076"} - 154
DELETE /boards/6aa2f720-80ff-42c1-8f50-1a415ddcbd41 200 167.177 ms - 2 {} - -
DELETE /users/37f950bc-5fba-49e8-bf15-fd6a79c16c9a 200 154.433 ms - 2 {} - -
GET /boards/6aa2f720-80ff-42c1-8f50-1a415ddcbd41/tasks/3ebf34d5-6aaa-4069-b868-f43f6ab10040 404 69.792 ms - 815 {} - -
GET /boards/6aa2f720-80ff-42c1-8f50-1a415ddcbd41/tasks/4d16d17a-2501-46f5-96f4-d84f253e1b96 404 70.333 ms - 815 {} - -
GET /boards/6aa2f720-80ff-42c1-8f50-1a415ddcbd41/tasks/00576368-0b64-46a0-94bb-76179f821e42 404 72.529 ms - 815 {} - -
GET /boards/6aa2f720-80ff-42c1-8f50-1a415ddcbd41/tasks/c86f3b88-5d1b-4575-988b-7b5708f67212 404 70.669 ms - 815 {} - -
GET /boards/6aa2f720-80ff-42c1-8f50-1a415ddcbd41/tasks/1b118385-9114-4754-b8e5-de676c7a8f9d 404 72.040 ms - 815 {} - -
GET /boards/2fc335f8-a959-4fe9-b0b5-21ba7e4dc076/tasks/9ee19fca-47af-42e2-9d33-c925c00a1e08 200 74.088 ms - 164 {} - -
GET /boards/2fc335f8-a959-4fe9-b0b5-21ba7e4dc076/tasks/1526c948-6106-478f-a9cf-bec54195fa47 200 122.437 ms - 164 {} - -
DELETE /boards/dcf536f2-93e4-40c9-925d-884cde421cc2 200 175.332 ms - 2 {} - -
DELETE /boards/2fc335f8-a959-4fe9-b0b5-21ba7e4dc076/tasks/9ee19fca-47af-42e2-9d33-c925c00a1e08 200 71.331 ms - 2 {} - -
DELETE /boards/2fc335f8-a959-4fe9-b0b5-21ba7e4dc076/tasks/1526c948-6106-478f-a9cf-bec54195fa47 200 73.895 ms - 2 {} - -
DELETE /boards/2fc335f8-a959-4fe9-b0b5-21ba7e4dc076 200 162.632 ms - 2 {} - -
